<?xml version="1.0" encoding="UTF-8"?>
<testng-results ignored="0" total="1" passed="1" failed="0" skipped="0">
  <reporter-output>
  </reporter-output>
  <suite started-at="2022-08-14T17:29:26 IST" name="Default suite" finished-at="2022-08-14T17:29:42 IST" duration-ms="15764">
    <groups>
    </groups>
    <test started-at="2022-08-14T17:29:26 IST" name="Default test" finished-at="2022-08-14T17:29:42 IST" duration-ms="15764">
      <class name="TestClasses.testApplication">
        <test-method signature="login()[pri:0, instance:TestClasses.testApplication@7e5afaa6]" started-at="2022-08-14T17:29:26 IST" name="login" finished-at="2022-08-14T17:29:42 IST" duration-ms="15722" status="PASS">
          <reporter-output>
          </reporter-output>
        </test-method> <!-- login -->
      </class> <!-- TestClasses.testApplication -->
    </test> <!-- Default test -->
  </suite> <!-- Default suite -->
</testng-results>
